<?xml version="1.0" encoding="UTF-8"?>
<!-- Generated by org.testng.reporters.JUnitReportReporter -->
<testsuite hostname="DESKTOP-35CJCDD" name="com.ooyala.test.MonthlyScenarioTest" tests="3" failures="0" timestamp="15 Mar 2017 19:16:11 GMT" time="1.123" errors="0">
  <testcase name="testMonthlyScenario" time="0.009" classname="com.ooyala.test.MonthlyScenarioTest"/>
  <testcase name="testMonthlyScenario" time="1.010" classname="com.ooyala.test.MonthlyScenarioTest"/>
  <testcase name="testMonthlyScenario" time="0.104" classname="com.ooyala.test.MonthlyScenarioTest"/>
</testsuite> <!-- com.ooyala.test.MonthlyScenarioTest -->
