<?xml version="1.0" encoding="UTF-8"?>
<!-- Generated by org.testng.reporters.JUnitReportReporter -->
<testsuite hostname="DESKTOP-35CJCDD" name="com.ooyala.test.GcdTest" tests="3" failures="0" timestamp="15 Mar 2017 19:04:53 GMT" time="0.016" errors="0">
  <testcase name="testGcd" time="0.000" classname="com.ooyala.test.GcdTest"/>
  <testcase name="testGcd" time="0.016" classname="com.ooyala.test.GcdTest"/>
  <testcase name="testGcd" time="0.000" classname="com.ooyala.test.GcdTest"/>
</testsuite> <!-- com.ooyala.test.GcdTest -->
